This is pdfTeX, Version 3.141592653-2.6-1.40.23 (MiKTeX 21.8) (preloaded format=pdflatex 2021.12.5)  3 JUN 2022 18:05
entering extended mode
**./yazı.tex
(yazı.tex
LaTeX2e <2021-06-01> patch level 1
L3 programming layer <2021-08-27>
(C:\Users\temmuz\AppData\Local\Programs\MiKTeX\tex/latex/base\article.cls
Document Class: article 2021/02/12 v1.4n Standard LaTeX document class
(C:\Users\temmuz\AppData\Local\Programs\MiKTeX\tex/latex/base\size11.clo
File: size11.clo 2021/02/12 v1.4n Standard LaTeX file (size option)
)
\c@part=\count182
\c@section=\count183
\c@subsection=\count184
\c@subsubsection=\count185
\c@paragraph=\count186
\c@subparagraph=\count187
\c@figure=\count188
\c@table=\count189
\abovecaptionskip=\skip47
\belowcaptionskip=\skip48
\bibindent=\dimen138
)
(C:\Users\temmuz\AppData\Local\Programs\MiKTeX\tex/latex/sectsty\sectsty.sty
Package: sectsty 2002/02/25 v2.0.2 Commands to change all sectional heading sty
les


LaTeX Warning: Command \underbar  has changed.
               Check if current package is valid.


LaTeX Warning: Command \underline  has changed.
               Check if current package is valid.

)
(C:\Users\temmuz\AppData\Local\Programs\MiKTeX\tex/latex/graphics\graphicx.sty
Package: graphicx 2020/12/05 v1.2c Enhanced LaTeX Graphics (DPC,SPQR)

(C:\Users\temmuz\AppData\Local\Programs\MiKTeX\tex/latex/graphics\keyval.sty
Package: keyval 2014/10/28 v1.15 key=value parser (DPC)
\KV@toks@=\toks16
)
(C:\Users\temmuz\AppData\Local\Programs\MiKTeX\tex/latex/graphics\graphics.sty
Package: graphics 2021/03/04 v1.4d Standard LaTeX Graphics (DPC,SPQR)

(C:\Users\temmuz\AppData\Local\Programs\MiKTeX\tex/latex/graphics\trig.sty
Package: trig 2016/01/03 v1.10 sin cos tan (DPC)
)
(C:\Users\temmuz\AppData\Local\Programs\MiKTeX\tex/latex/graphics-cfg\graphics.
cfg
File: graphics.cfg 2016/06/04 v1.11 sample graphics configuration
)
Package graphics Info: Driver file: pdftex.def on input line 107.

(C:\Users\temmuz\AppData\Local\Programs\MiKTeX\tex/latex/graphics-def\pdftex.de
f
File: pdftex.def 2020/10/05 v1.2a Graphics/color driver for pdftex
))
\Gin@req@height=\dimen139
\Gin@req@width=\dimen140
)
(C:\Users\temmuz\AppData\Local\Programs\MiKTeX\tex/latex/tools\indentfirst.sty
Package: indentfirst 1995/11/23 v1.03 Indent first paragraph (DPC)
)
(C:\Users\temmuz\AppData\Local\Programs\MiKTeX\tex/latex/caption\subcaption.sty
Package: subcaption 2022/01/07 v1.5 Sub-captions (AR)
(C:\Users\temmuz\AppData\Local\Programs\MiKTeX\tex/latex/caption\caption.sty
Package: caption 2022/03/01 v3.6b Customizing captions (AR)

(C:\Users\temmuz\AppData\Local\Programs\MiKTeX\tex/latex/caption\caption3.sty
Package: caption3 2022/03/17 v2.3b caption3 kernel (AR)
\caption@tempdima=\dimen141
\captionmargin=\dimen142
\caption@leftmargin=\dimen143
\caption@rightmargin=\dimen144
\caption@width=\dimen145
\caption@indent=\dimen146
\caption@parindent=\dimen147
\caption@hangindent=\dimen148
Package caption Info: Standard document class detected.
)
\c@caption@flags=\count190
\c@continuedfloat=\count191
)
\c@subfigure=\count192
\c@subtable=\count193
)
(C:\Users\temmuz\AppData\Local\Programs\MiKTeX\tex/latex/l3backend\l3backend-pd
ftex.def
File: l3backend-pdftex.def 2021-08-04 L3 backend support: PDF output (pdfTeX)
\l__color_backend_stack_int=\count194
\l__pdf_internal_box=\box50
) (yazı.aux)
\openout1 = `yazı.aux'.

LaTeX Font Info:    Checking defaults for OML/cmm/m/it on input line 21.
LaTeX Font Info:    ... okay on input line 21.
LaTeX Font Info:    Checking defaults for OMS/cmsy/m/n on input line 21.
LaTeX Font Info:    ... okay on input line 21.
LaTeX Font Info:    Checking defaults for OT1/cmr/m/n on input line 21.
LaTeX Font Info:    ... okay on input line 21.
LaTeX Font Info:    Checking defaults for T1/cmr/m/n on input line 21.
LaTeX Font Info:    ... okay on input line 21.
LaTeX Font Info:    Checking defaults for TS1/cmr/m/n on input line 21.
LaTeX Font Info:    ... okay on input line 21.
LaTeX Font Info:    Checking defaults for OMX/cmex/m/n on input line 21.
LaTeX Font Info:    ... okay on input line 21.
LaTeX Font Info:    Checking defaults for U/cmr/m/n on input line 21.
LaTeX Font Info:    ... okay on input line 21.

(C:\Users\temmuz\AppData\Local\Programs\MiKTeX\tex/context/base/mkii\supp-pdf.m
kii
[Loading MPS to PDF converter (version 2006.09.02).]
\scratchcounter=\count195
\scratchdimen=\dimen149
\scratchbox=\box51
\nofMPsegments=\count196
\nofMParguments=\count197
\everyMPshowfont=\toks17
\MPscratchCnt=\count198
\MPscratchDim=\dimen150
\MPnumerator=\count199
\makeMPintoPDFobject=\count266
\everyMPtoPDFconversion=\toks18
)
(C:\Users\temmuz\AppData\Local\Programs\MiKTeX\tex/latex/epstopdf-pkg\epstopdf-
base.sty
Package: epstopdf-base 2020-01-24 v2.11 Base part for package epstopdf
Package epstopdf-base Info: Redefining graphics rule for `.eps' on input line 4
85.

(C:\Users\temmuz\AppData\Local\Programs\MiKTeX\tex/latex/00miktex\epstopdf-sys.
cfg
File: epstopdf-sys.cfg 2021/03/18 v2.0 Configuration of epstopdf for MiKTeX
))
Package caption Info: Begin \AtBeginDocument code.
Package caption Info: End \AtBeginDocument code.
 [1

{C:/Users/temmuz/AppData/Local/MiKTeX/pdftex/config/pdftex.map}]
[2] (yazı.toc
LaTeX Font Info:    External font `cmex10' loaded for size
(Font)              <10.95> on input line 3.
LaTeX Font Info:    External font `cmex10' loaded for size
(Font)              <8> on input line 3.
LaTeX Font Info:    External font `cmex10' loaded for size
(Font)              <6> on input line 3.
)
\tf@toc=\write3
\openout3 = `yazı.toc'.

 [3] (yazı.lof)
\tf@lof=\write4
\openout4 = `yazı.lof'.

 [4]
<./images//distSmall.png, id=19, 526.96875pt x 395.22656pt>
File: ./images//distSmall.png Graphic file (type png)
<use ./images//distSmall.png>
Package pdftex.def Info: ./images//distSmall.png  used on input line 92.
(pdftex.def)             Requested size: 263.48372pt x 197.6128pt.


LaTeX Warning: `!h' float specifier changed to `!ht'.

[5]
<./images//ratioIIDvsNonIID.png, id=27, 526.96875pt x 395.22656pt>
File: ./images//ratioIIDvsNonIID.png Graphic file (type png)
<use ./images//ratioIIDvsNonIID.png>
Package pdftex.def Info: ./images//ratioIIDvsNonIID.png  used on input line 103
.
(pdftex.def)             Requested size: 263.48372pt x 197.6128pt.
 [6 <./images//distSmall.png (PNG copy)> <./images//ratioIIDvsNonIID.png (PNG c
opy)>]
<./images//encoding.png, id=31, 526.96875pt x 395.22656pt>
File: ./images//encoding.png Graphic file (type png)
<use ./images//encoding.png>
Package pdftex.def Info: ./images//encoding.png  used on input line 114.
(pdftex.def)             Requested size: 263.48372pt x 197.6128pt.


LaTeX Warning: `!h' float specifier changed to `!ht'.

[7]
<./images//diff.png, id=36, 526.96875pt x 395.22656pt>
File: ./images//diff.png Graphic file (type png)
<use ./images//diff.png>
Package pdftex.def Info: ./images//diff.png  used on input line 135.
(pdftex.def)             Requested size: 263.48372pt x 197.6128pt.


LaTeX Warning: `!h' float specifier changed to `!ht'.

[8 <./images//encoding.png (PNG copy)>] [9 <./images//diff.png (PNG copy)>]
<./images//resnet18.png, id=43, 853.1875pt x 229.85875pt>
File: ./images//resnet18.png Graphic file (type png)
<use ./images//resnet18.png>
Package pdftex.def Info: ./images//resnet18.png  used on input line 152.
(pdftex.def)             Requested size: 426.59271pt x 114.92908pt.
<./images//central.png, id=44, 350.30875pt x 252.945pt>
File: ./images//central.png Graphic file (type png)
<use ./images//central.png>
Package pdftex.def Info: ./images//central.png  used on input line 166.
(pdftex.def)             Requested size: 187.89912pt x 135.67738pt.
<./images//dist.jpg, id=46, 702.625pt x 526.96875pt>
File: ./images//dist.jpg Graphic file (type jpg)
<use ./images//dist.jpg>
Package pdftex.def Info: ./images//dist.jpg  used on input line 170.
(pdftex.def)             Requested size: 187.89912pt x 140.92455pt.


LaTeX Warning: `!h' float specifier changed to `!ht'.

<./images//training.png, id=47, 526.96875pt x 395.22656pt>
File: ./images//training.png Graphic file (type png)
<use ./images//training.png>
Package pdftex.def Info: ./images//training.png  used on input line 182.
(pdftex.def)             Requested size: 187.89912pt x 140.92455pt.
<./images//fedStanford901lr005.jpg, id=48, 433.62pt x 289.08pt>
File: ./images//fedStanford901lr005.jpg Graphic file (type jpg)
<use ./images//fedStanford901lr005.jpg>
Package pdftex.def Info: ./images//fedStanford901lr005.jpg  used on input line 
186.
(pdftex.def)             Requested size: 211.3883pt x 140.92703pt.

LaTeX Warning: `!h' float specifier changed to `!ht'.

[10 <./images//resnet18.png>] [11 <./images//central.png> <./images//dist.jpg> 
<./images//training.png (PNG copy)> <./images//fedStanford901lr005.jpg>]
<./images//fedStanford901lr005_2x3others.jpg, id=57, 433.62pt x 289.08pt>
File: ./images//fedStanford901lr005_2x3others.jpg Graphic file (type jpg)
<use ./images//fedStanford901lr005_2x3others.jpg>
Package pdftex.def Info: ./images//fedStanford901lr005_2x3others.jpg  used on i
nput line 204.
(pdftex.def)             Requested size: 187.89912pt x 125.26797pt.
<./images//fedStanford901DA.jpg, id=58, 433.62pt x 289.08pt>
File: ./images//fedStanford901DA.jpg Graphic file (type jpg)
<use ./images//fedStanford901DA.jpg>
Package pdftex.def Info: ./images//fedStanford901DA.jpg  used on input line 208
.
(pdftex.def)             Requested size: 187.89912pt x 125.26797pt.

[12 <./images//fedStanford901lr005_2x3others.jpg> <./images//fedStanford901DA.j
pg>]
<./images//fedStanford601lr005_2x3others.jpg, id=62, 433.62pt x 289.08pt>
File: ./images//fedStanford601lr005_2x3others.jpg Graphic file (type jpg)
<use ./images//fedStanford601lr005_2x3others.jpg>
Package pdftex.def Info: ./images//fedStanford601lr005_2x3others.jpg  used on i
nput line 229.
(pdftex.def)             Requested size: 187.89912pt x 125.26797pt.
<./images//fedStanford601LDA.jpg, id=63, 433.62pt x 289.08pt>
File: ./images//fedStanford601LDA.jpg Graphic file (type jpg)
<use ./images//fedStanford601LDA.jpg>
Package pdftex.def Info: ./images//fedStanford601LDA.jpg  used on input line 23
3.
(pdftex.def)             Requested size: 187.89912pt x 125.26797pt.
 [13 <./images//fedStanford601lr005_2x3others.jpg> <./images//fedStanford601LDA
.jpg>] [14] [15] [16] [17] (yazı.aux) ) 
Here is how much of TeX's memory you used:
 2911 strings out of 478927
 52070 string characters out of 2852061
 350370 words of memory out of 3000000
 20773 multiletter control sequences out of 15000+600000
 408347 words of font info for 43 fonts, out of 8000000 for 9000
 1141 hyphenation exceptions out of 8191
 67i,8n,77p,3380b,468s stack positions out of 5000i,500n,10000p,200000b,80000s
<C:/Users/temmuz/AppData/Local/Programs
/MiKTeX/fonts/type1/public/amsfonts/cm/cmbx10.pfb><C:/Users/temmuz/AppData/Loca
l/Programs/MiKTeX/fonts/type1/public/amsfonts/cm/cmbx12.pfb><C:/Users/temmuz/Ap
pData/Local/Programs/MiKTeX/fonts/type1/public/amsfonts/cm/cmex10.pfb><C:/Users
/temmuz/AppData/Local/Programs/MiKTeX/fonts/type1/public/amsfonts/cm/cmmi10.pfb
><C:/Users/temmuz/AppData/Local/Programs/MiKTeX/fonts/type1/public/amsfonts/cm/
cmmi8.pfb><C:/Users/temmuz/AppData/Local/Programs/MiKTeX/fonts/type1/public/ams
fonts/cm/cmr10.pfb><C:/Users/temmuz/AppData/Local/Programs/MiKTeX/fonts/type1/p
ublic/amsfonts/cm/cmr12.pfb><C:/Users/temmuz/AppData/Local/Programs/MiKTeX/font
s/type1/public/amsfonts/cm/cmr8.pfb><C:/Users/temmuz/AppData/Local/Programs/MiK
TeX/fonts/type1/public/amsfonts/cm/cmsl12.pfb>
Output written on yazı.pdf (17 pages, 516688 bytes).
PDF statistics:
 118 PDF objects out of 1000 (max. 8388607)
 0 named destinations out of 1000 (max. 500000)
 66 words of extra memory for PDF output out of 10000 (max. 10000000)

